c:\users\scott\google drive\uni\y3-s2\procedural methods\labs\engine\engine\debug\vc141.pdb
c:\users\scott\google drive\uni\y3-s2\procedural methods\labs\engine\engine\debug\vc141.idb
c:\users\scott\google drive\uni\y3-s2\procedural methods\labs\engine\engine\debug\terrainclass.obj
c:\users\scott\google drive\uni\y3-s2\procedural methods\labs\engine\engine\debug\positionclass.obj
c:\users\scott\google drive\uni\y3-s2\procedural methods\labs\engine\engine\debug\lsystemstringgenerator.obj
c:\users\scott\google drive\uni\y3-s2\procedural methods\labs\engine\engine\debug\lightclass.obj
c:\users\scott\google drive\uni\y3-s2\procedural methods\labs\engine\engine\debug\inputclass.obj
c:\users\scott\google drive\uni\y3-s2\procedural methods\labs\engine\engine\debug\imgui_impl_win32.obj
c:\users\scott\google drive\uni\y3-s2\procedural methods\labs\engine\engine\debug\imgui_impl_dx11.obj
c:\users\scott\google drive\uni\y3-s2\procedural methods\labs\engine\engine\debug\imgui_draw.obj
c:\users\scott\google drive\uni\y3-s2\procedural methods\labs\engine\engine\debug\imgui_demo.obj
c:\users\scott\google drive\uni\y3-s2\procedural methods\labs\engine\engine\debug\imgui.obj
c:\users\scott\google drive\uni\y3-s2\procedural methods\labs\engine\engine\debug\fpsclass.obj
c:\users\scott\google drive\uni\y3-s2\procedural methods\labs\engine\engine\debug\fontshaderclass.obj
c:\users\scott\google drive\uni\y3-s2\procedural methods\labs\engine\engine\debug\fontclass.obj
c:\users\scott\google drive\uni\y3-s2\procedural methods\labs\engine\engine\debug\d3dclass.obj
c:\users\scott\google drive\uni\y3-s2\procedural methods\labs\engine\engine\debug\cpuclass.obj
c:\users\scott\google drive\uni\y3-s2\procedural methods\labs\engine\engine\debug\cameraclass.obj
c:\users\scott\google drive\uni\y3-s2\procedural methods\labs\engine\engine\debug\timerclass.obj
c:\users\scott\google drive\uni\y3-s2\procedural methods\labs\engine\engine\debug\textureclass.obj
c:\users\scott\google drive\uni\y3-s2\procedural methods\labs\engine\engine\debug\textclass.obj
c:\users\scott\google drive\uni\y3-s2\procedural methods\labs\engine\engine\debug\terrainshaderclass.obj
c:\users\scott\google drive\uni\y3-s2\procedural methods\labs\engine\engine\debug\engine.tlog\cl.command.1.tlog
c:\users\scott\google drive\uni\y3-s2\procedural methods\labs\engine\engine\debug\engine.tlog\cl.read.1.tlog
c:\users\scott\google drive\uni\y3-s2\procedural methods\labs\engine\engine\debug\engine.tlog\cl.write.1.tlog
